platforms/android/app/build/intermediates/manifest_merge_blame_file/release/manifest-merger-blame-release-report.txt
1<?xml version="1.0" encoding="utf-8"?>
2<manifest xmlns:android="http://schemas.android.com/apk/res/android"
3    package="com.SAAN.Goldenboys"
4    android:versionCode="2"
5    android:versionName="1.2" >
6
7    <uses-sdk
8        android:minSdkVersion="17"
8-->src\main\AndroidManifest.xml
9        android:targetSdkVersion="29" />
9-->src\main\AndroidManifest.xml
10
11    <supports-screens
11-->src\main\AndroidManifest.xml:7:2-11:33
12        android:largeScreens="true"
12-->src\main\AndroidManifest.xml:10:3-30
13        android:normalScreens="true"
13-->src\main\AndroidManifest.xml:9:3-31
14        android:smallScreens="true"
14-->src\main\AndroidManifest.xml:8:3-30
15        android:xlargeScreens="true" />
15-->src\main\AndroidManifest.xml:11:3-31
16
17    <uses-permission android:name="android.permission.READ_EXTERNAL_STORAGE" />
17-->src\main\AndroidManifest.xml:13:2-76
17-->src\main\AndroidManifest.xml:13:19-74
18    <uses-permission android:name="android.permission.WRITE_EXTERNAL_STORAGE" />
18-->src\main\AndroidManifest.xml:14:2-77
18-->src\main\AndroidManifest.xml:14:19-75
19    <uses-permission android:name="android.permission.INTERNET" />
19-->src\main\AndroidManifest.xml:15:2-63
19-->src\main\AndroidManifest.xml:15:19-61
20
21    <application
21-->src\main\AndroidManifest.xml:17:2-38:16
22        android:name="com.tns.NativeScriptApplication"
22-->src\main\AndroidManifest.xml:18:3-49
23        android:allowBackup="true"
23-->src\main\AndroidManifest.xml:19:3-29
24        android:appComponentFactory="androidx.core.app.CoreComponentFactory"
24-->[androidx.core:core:1.0.1] AndroidManifest.xml:22:18-86
25        android:icon="@drawable/icon"
25-->src\main\AndroidManifest.xml:20:3-32
26        android:label="@string/app_name"
26-->src\main\AndroidManifest.xml:21:3-35
27        android:theme="@style/AppTheme" >
27-->src\main\AndroidManifest.xml:22:3-34
28        <activity
28-->src\main\AndroidManifest.xml:24:3-36:14
29            android:name="com.tns.NativeScriptActivity"
29-->src\main\AndroidManifest.xml:25:4-47
30            android:configChanges="keyboard|keyboardHidden|orientation|screenSize|smallestScreenSize|screenLayout|locale|uiMode"
30-->src\main\AndroidManifest.xml:27:4-120
31            android:label="@string/title_activity_kimera"
31-->src\main\AndroidManifest.xml:26:4-49
32            android:theme="@style/LaunchScreenTheme" >
32-->src\main\AndroidManifest.xml:28:4-44
33            <meta-data
33-->src\main\AndroidManifest.xml:30:4-87
34                android:name="SET_THEME_ON_LAUNCH"
34-->src\main\AndroidManifest.xml:30:15-49
35                android:resource="@style/AppTheme" />
35-->src\main\AndroidManifest.xml:30:50-84
36
37            <intent-filter>
37-->src\main\AndroidManifest.xml:32:4-35:20
38                <action android:name="android.intent.action.MAIN" />
38-->src\main\AndroidManifest.xml:33:5-57
38-->src\main\AndroidManifest.xml:33:13-54
39
40                <category android:name="android.intent.category.LAUNCHER" />
40-->src\main\AndroidManifest.xml:34:5-65
40-->src\main\AndroidManifest.xml:34:15-62
41            </intent-filter>
42        </activity>
43        <activity android:name="com.tns.ErrorReportActivity" />
43-->src\main\AndroidManifest.xml:37:3-57
43-->src\main\AndroidManifest.xml:37:13-55
44    </application>
45
46</manifest>